<?xml version="1.0" encoding="UTF-8"?>
<!-- Generated by org.testng.reporters.JUnitReportReporter -->
<testsuite hostname="DESKTOP-0GMIJDL" name="Testng.sizeyunsuanTest" tests="4" failures="0" timestamp="4 Jan 2019 01:55:34 GMT" time="0.015" errors="0">
  <testcase name="Aadd" time="0.008" classname="Testng.sizeyunsuanTest"/>
  <testcase name="Csub" time="0.002" classname="Testng.sizeyunsuanTest"/>
  <testcase name="Ddiv" time="0.002" classname="Testng.sizeyunsuanTest"/>
  <testcase name="Bcf" time="0.003" classname="Testng.sizeyunsuanTest"/>
</testsuite> <!-- Testng.sizeyunsuanTest -->
